<?xml version="1.0" encoding="UTF-8"?>
<testsuite name="ru.soniir.TestEx.PortfolioTest" tests="4" skipped="1" failures="0" errors="0" timestamp="2021-09-30T11:35:38" hostname="FVV" time="0.035">
  <properties/>
  <testcase name="testGetMarketValue" classname="ru.soniir.TestEx.PortfolioTest" time="0.031"/>
  <testcase name="testGetStockService" classname="ru.soniir.TestEx.PortfolioTest" time="0.0">
    <skipped/>
  </testcase>
  <testcase name="testSetStocks" classname="ru.soniir.TestEx.PortfolioTest" time="0.0"/>
  <testcase name="testGetStocks" classname="ru.soniir.TestEx.PortfolioTest" time="0.0"/>
  <system-out><![CDATA[Microsoft
Google
]]></system-out>
  <system-err><![CDATA[]]></system-err>
</testsuite>
